<?xml version="1.0" encoding="UTF-8"?>
<testsuite name="com.pluralsight.security.TestHashRunAndDigestMethod" tests="4" skipped="0" failures="0" errors="0" timestamp="2023-12-10T11:24:47" hostname="gelu-ThinkPad-T16-Gen-1" time="0.009">
  <properties/>
  <testcase name="testRun" classname="com.pluralsight.security.TestHashRunAndDigestMethod" time="0.008"/>
  <testcase name="testDigestArrayLessThanBaseSize" classname="com.pluralsight.security.TestHashRunAndDigestMethod" time="0.0"/>
  <testcase name="testDigestArrayEqualsBaseSize" classname="com.pluralsight.security.TestHashRunAndDigestMethod" time="0.001"/>
  <testcase name="testDigestArrayGreaterThanBaseSize" classname="com.pluralsight.security.TestHashRunAndDigestMethod" time="0.0"/>
  <system-out><![CDATA[]]></system-out>
  <system-err><![CDATA[]]></system-err>
</testsuite>
