<?xml version="1.0" encoding="UTF-8"?>
<testsuite name="com.pluralsight.security.TestSign" tests="8" skipped="0" failures="0" errors="0" timestamp="2023-12-10T11:24:47" hostname="gelu-ThinkPad-T16-Gen-1" time="0.025">
  <properties/>
  <testcase name="testLoadPrivateKey" classname="com.pluralsight.security.TestSign" time="0.009"/>
  <testcase name="testVerifyData" classname="com.pluralsight.security.TestSign" time="0.011"/>
  <testcase name="testLoadKeystore" classname="com.pluralsight.security.TestSign" time="0.001"/>
  <testcase name="testParseArgs" classname="com.pluralsight.security.TestSign" time="0.0"/>
  <testcase name="testCreateSignature" classname="com.pluralsight.security.TestSign" time="0.0"/>
  <testcase name="testParseArgsDefaults" classname="com.pluralsight.security.TestSign" time="0.001"/>
  <testcase name="testLoadPrivateKeyInvalidPassword" classname="com.pluralsight.security.TestSign" time="0.0"/>
  <testcase name="testSignData" classname="com.pluralsight.security.TestSign" time="0.003"/>
  <system-out><![CDATA[]]></system-out>
  <system-err><![CDATA[]]></system-err>
</testsuite>
